\BOOKMARK [0][-]{figure.caption.1}{Resumen en espa\361ol}{}% 1
\BOOKMARK [0][-]{figure.caption.1}{Resumen en ingl\351s}{}% 2
\BOOKMARK [0][-]{chapter*.2}{Dedicatoria}{}% 3
\BOOKMARK [0][-]{chapter*.3}{Agradecimientos}{}% 4
\BOOKMARK [0][-]{chapter*.5}{Lista de figuras}{}% 5
\BOOKMARK [0][-]{chapter*.6}{Lista de tablas}{}% 6
\BOOKMARK [0][-]{chapter.1}{Introducci\363n}{}% 7
\BOOKMARK [1][-]{section.1.1}{Antecendentes}{chapter.1}% 8
\BOOKMARK [1][-]{section.1.2}{Plantamiento del problema}{chapter.1}% 9
\BOOKMARK [1][-]{section.1.3}{Objectivos}{chapter.1}% 10
\BOOKMARK [2][-]{subsection.1.3.1}{Objetivo general}{section.1.3}% 11
\BOOKMARK [2][-]{subsection.1.3.2}{Objetivos espec\355ficos}{section.1.3}% 12
\BOOKMARK [2][-]{subsection.1.3.3}{Hip\363tesis de investigaci\363n}{section.1.3}% 13
\BOOKMARK [2][-]{subsection.1.3.4}{Propuesta de la soluci\363n}{section.1.3}% 14
\BOOKMARK [1][-]{section.1.4}{Metodolog\355a}{chapter.1}% 15
\BOOKMARK [2][-]{subsection.1.4.1}{Contribuci\363n}{section.1.4}% 16
\BOOKMARK [2][-]{subsection.1.4.2}{Conclusi\363n}{section.1.4}% 17
\BOOKMARK [2][-]{subsection.1.4.3}{Organizaci\363n de la tesis}{section.1.4}% 18
\BOOKMARK [1][-]{section.1.5}{Pregunta de investigac\355on}{chapter.1}% 19
\BOOKMARK [1][-]{section.1.6}{Hip\363tesis}{chapter.1}% 20
\BOOKMARK [1][-]{section.1.7}{Variables independientes}{chapter.1}% 21
\BOOKMARK [1][-]{section.1.8}{Variables dependientes}{chapter.1}% 22
\BOOKMARK [1][-]{section.1.9}{Escenario}{chapter.1}% 23
\BOOKMARK [1][-]{section.1.10}{Configuraci\363n del escenario}{chapter.1}% 24
\BOOKMARK [1][-]{section.1.11}{Consideraciones}{chapter.1}% 25
\BOOKMARK [1][-]{section.1.12}{Metodolog\355a}{chapter.1}% 26
\BOOKMARK [0][-]{chapter.2}{Fundamentos te\363ricos}{}% 27
\BOOKMARK [1][-]{section.2.1}{Introducci\363n}{chapter.2}% 28
\BOOKMARK [1][-]{section.2.2}{Qu\351 es la Ansiedad?}{chapter.2}% 29
\BOOKMARK [2][-]{subsection.2.2.1}{Ansiedad y estr\351s}{section.2.2}% 30
\BOOKMARK [2][-]{subsection.2.2.2}{Ansiedad situacional y Ansiedad como rasgo}{section.2.2}% 31
\BOOKMARK [1][-]{section.2.3}{Demencia}{chapter.2}% 32
\BOOKMARK [1][-]{section.2.4}{Cuidadores}{chapter.2}% 33
\BOOKMARK [2][-]{subsection.2.4.1}{C\363mo se genera la ansiedad en los cuidadores?}{section.2.4}% 34
\BOOKMARK [2][-]{subsection.2.4.2}{Historial del cuidador}{section.2.4}% 35
\BOOKMARK [2][-]{subsection.2.4.3}{Estresores primarios}{section.2.4}% 36
\BOOKMARK [2][-]{subsection.2.4.4}{Tensi\363nes familiares}{section.2.4}% 37
\BOOKMARK [2][-]{subsection.2.4.5}{Estrategias de afrontamiento}{section.2.4}% 38
\BOOKMARK [2][-]{subsection.2.4.6}{Cuidadores formales e informales}{section.2.4}% 39
\BOOKMARK [2][-]{subsection.2.4.7}{Se\361ales fisiol\363gicas relacionadas con la ansiedad}{section.2.4}% 40
\BOOKMARK [3][-]{subsubsection.2.4.7.1}{Respuesta Galv\341nica de la Piel \(GSR\)}{subsection.2.4.7}% 41
\BOOKMARK [3][-]{subsubsection.2.4.7.2}{Se\361ales relacionadas con el coraz\363n}{subsection.2.4.7}% 42
\BOOKMARK [3][-]{subsubsection.2.4.7.3}{Electroencefalograma \(EEG\)}{subsection.2.4.7}% 43
\BOOKMARK [1][-]{section.2.5}{Instrumentos tradicionales para la medici\363n de la ansiead}{chapter.2}% 44
\BOOKMARK [1][-]{section.2.6}{C\363mputo vestible}{chapter.2}% 45
\BOOKMARK [1][-]{section.2.7}{Trabajo previo en detecci\363n autom\341tica de ansiedad}{chapter.2}% 46
\BOOKMARK [1][-]{section.2.8}{M\341quinas de soporte vectorial \(SVM\)}{chapter.2}% 47
\BOOKMARK [1][-]{section.2.9}{Conclusi\363n}{chapter.2}% 48
\BOOKMARK [0][-]{chapter.3}{Dise\361o de un experimento para inducir ansiedad en cuidadores de personas con demencia}{}% 49
\BOOKMARK [1][-]{section.3.1}{Introducci\363n}{chapter.3}% 50
\BOOKMARK [1][-]{section.3.2}{Un experimento para inducir ansiedad en cuidadores informales}{chapter.3}% 51
\BOOKMARK [2][-]{subsection.3.2.1}{Sujetos}{section.3.2}% 52
\BOOKMARK [1][-]{section.3.3}{Procedimiento}{chapter.3}% 53
\BOOKMARK [2][-]{subsection.3.3.1}{Entrenamiento}{section.3.3}% 54
\BOOKMARK [2][-]{subsection.3.3.2}{Tareas de terapias}{section.3.3}% 55
\BOOKMARK [1][-]{section.3.4}{Configuraci\363n}{chapter.3}% 56
\BOOKMARK [2][-]{subsection.3.4.1}{Obtenci\363n de datos}{section.3.4}% 57
\BOOKMARK [1][-]{section.3.5}{Obtenci\363n de ground truth}{chapter.3}% 58
\BOOKMARK [2][-]{subsection.3.5.1}{Procesamiento de video}{section.3.5}% 59
\BOOKMARK [2][-]{subsection.3.5.2}{Observaci\363n}{section.3.5}% 60
\BOOKMARK [2][-]{subsection.3.5.3}{Autoreportado}{section.3.5}% 61
\BOOKMARK [2][-]{subsection.3.5.4}{Pre-procesado de GSR}{section.3.5}% 62
\BOOKMARK [2][-]{subsection.3.5.5}{Pre-procesamiento de HR e IBI}{section.3.5}% 63
\BOOKMARK [0][-]{chapter.4}{Evaluacion}{}% 64
\BOOKMARK [1][-]{section.4.1}{Introducci\363n}{chapter.4}% 65
\BOOKMARK [1][-]{section.4.2}{Codificaci\363n}{chapter.4}% 66
\BOOKMARK [1][-]{section.4.3}{Extracci\363n de caracter\355sticas}{chapter.4}% 67
\BOOKMARK [1][-]{section.4.4}{Resultados de aprendizaje de m\341quina}{chapter.4}% 68
\BOOKMARK [0][-]{chapter.5}{Conclusiones y trabajo a futuro}{}% 69
\BOOKMARK [0][-]{chapter.5}{Lista de referencias}{}% 70
\BOOKMARK [0][-]{appendix.Alph6}{Carta de consentimiento informado de participantes en el proyecto de investigaci\363n}{}% 71
\BOOKMARK [0][-]{appendix.Alph7}{Carta de no divulgaci\363n de participantes en el proyecto de investigaci\363n}{}% 72
