\BOOKMARK [0][-]{figure.caption.1}{Resumen en espa\361ol}{}% 1
\BOOKMARK [0][-]{figure.caption.1}{Resumen en ingl\351s}{}% 2
\BOOKMARK [0][-]{chapter*.2}{Dedicatoria}{}% 3
\BOOKMARK [0][-]{chapter*.3}{Agradecimientos}{}% 4
\BOOKMARK [0][-]{chapter*.5}{Lista de figuras}{}% 5
\BOOKMARK [0][-]{chapter*.6}{Lista de tablas}{}% 6
\BOOKMARK [0][-]{chapter.1}{Introducci\363n}{}% 7
\BOOKMARK [0][-]{chapter.2}{Fundamentos te\363ricos}{}% 8
\BOOKMARK [1][-]{section.2.1}{Introducci\363n}{chapter.2}% 9
\BOOKMARK [1][-]{section.2.2}{Qu\351 es la Ansiedad?}{chapter.2}% 10
\BOOKMARK [2][-]{subsection.2.2.1}{Ansiedad y estr\351s}{section.2.2}% 11
\BOOKMARK [2][-]{subsection.2.2.2}{``State Anxiety'' y ``Trait Anxiety''}{section.2.2}% 12
\BOOKMARK [1][-]{section.2.3}{Demencia}{chapter.2}% 13
\BOOKMARK [1][-]{section.2.4}{Cuidadores}{chapter.2}% 14
\BOOKMARK [2][-]{subsection.2.4.1}{C\363mo se genera la ansiedad en los cuidadores?}{section.2.4}% 15
\BOOKMARK [2][-]{subsection.2.4.2}{Caracter\355sticas del individuo}{section.2.4}% 16
\BOOKMARK [2][-]{subsection.2.4.3}{Factores de estr\351s primarios}{section.2.4}% 17
\BOOKMARK [2][-]{subsection.2.4.4}{Carga del cuidador}{section.2.4}% 18
\BOOKMARK [2][-]{subsection.2.4.5}{Estrategias de afrontamiento}{section.2.4}% 19
\BOOKMARK [2][-]{subsection.2.4.6}{Se\361ales fisiol\363gicas relacionadas}{section.2.4}% 20
\BOOKMARK [2][-]{subsection.2.4.7}{Cuidadores Formales e Informales}{section.2.4}% 21
\BOOKMARK [1][-]{section.2.5}{C\363mputo vestible}{chapter.2}% 22
\BOOKMARK [1][-]{section.2.6}{Trabajo previo en detecci\363n de ansiedad}{chapter.2}% 23
\BOOKMARK [1][-]{section.2.7}{Conclusion}{chapter.2}% 24
\BOOKMARK [0][-]{chapter.3}{Metodolog\355a y dise\361o de un m\351todo para inducir ansiedad en cuidadores de personas con demencia}{}% 25
\BOOKMARK [1][-]{section.3.1}{Introducci\363n}{chapter.3}% 26
\BOOKMARK [1][-]{section.3.2}{Un experimento para inducir ansiedad en cuidadores informales}{chapter.3}% 27
\BOOKMARK [0][-]{chapter.4}{}{}% 28
\BOOKMARK [0][-]{chapter.5}{Conclusiones y trabajo a futuro}{}% 29
\BOOKMARK [0][-]{chapter.6}{6}{}% 30
\BOOKMARK [0][-]{chapter.7}{7}{}% 31
\BOOKMARK [0][-]{chapter.8}{Conclusiones}{}% 32
\BOOKMARK [0][-]{chapter.8}{Lista de referencias}{}% 33
\BOOKMARK [0][-]{appendix.Alph9}{Ap\351ndice}{}% 34
